2023-09-06T10:30:24.276+09:00  INFO 5312 --- [restartedMain] com.rubypaper.Chapter03Application       : Starting Chapter03Application using Java 17.0.2 with PID 5312 (C:\DEV\eclipse-workspace\Chapter03\target\classes started by student in C:\DEV\eclipse-workspace\Chapter03)
2023-09-06T10:30:24.276+09:00 DEBUG 5312 --- [restartedMain] com.rubypaper.Chapter03Application       : Running with Spring Boot v3.1.3, Spring v6.0.11
2023-09-06T10:30:24.276+09:00  INFO 5312 --- [restartedMain] com.rubypaper.Chapter03Application       : No active profile set, falling back to 1 default profile: "default"
2023-09-06T10:30:24.420+09:00  INFO 5312 --- [restartedMain] o.s.b.d.a.OptionalLiveReloadServer       : LiveReload server is running on port 35729
2023-09-06T10:30:24.426+09:00  INFO 5312 --- [restartedMain] com.rubypaper.Chapter03Application       : Started Chapter03Application in 0.191 seconds (process running for 293.073)
2023-09-06T10:30:24.426+09:00 TRACE 5312 --- [restartedMain] com.rubypaper.service.LoggingService     : TRACE 레벨 로그
2023-09-06T10:30:24.426+09:00 DEBUG 5312 --- [restartedMain] com.rubypaper.service.LoggingService     : DEBUG 레벨 로그
2023-09-06T10:30:24.427+09:00  INFO 5312 --- [restartedMain] com.rubypaper.service.LoggingService     : INFO 레벨 로그
2023-09-06T10:30:24.427+09:00  WARN 5312 --- [restartedMain] com.rubypaper.service.LoggingService     : WARN 레벨 로그
2023-09-06T10:30:24.427+09:00 ERROR 5312 --- [restartedMain] com.rubypaper.service.LoggingService     : ERROR 레벨 로그
2023-09-06T10:30:24.430+09:00  INFO 5312 --- [restartedMain] .ConditionEvaluationDeltaLoggingListener : Condition evaluation delta:


==========================
CONDITION EVALUATION DELTA
==========================


Positive matches:
-----------------

    None


Negative matches:
-----------------

   DispatcherServletAutoConfiguration:
      Did not match:
         - not a servlet web application (OnWebApplicationCondition)
      Matched:
         - @ConditionalOnClass found required class 'org.springframework.web.servlet.DispatcherServlet' (OnClassCondition)

   EmbeddedWebServerFactoryCustomizerAutoConfiguration:
      Did not match:
         - @ConditionalOnWebApplication (required) not a servlet web application and did not find reactive web application classes (OnWebApplicationCondition)

   ErrorMvcAutoConfiguration:
      Did not match:
         - not a servlet web application (OnWebApplicationCondition)
      Matched:
         - @ConditionalOnClass found required classes 'jakarta.servlet.Servlet', 'org.springframework.web.servlet.DispatcherServlet' (OnClassCondition)

   H2ConsoleAutoConfiguration:
      Did not match:
         - not a servlet web application (OnWebApplicationCondition)
      Matched:
         - @ConditionalOnClass found required class 'org.h2.server.web.JakartaWebServlet' (OnClassCondition)

   HttpEncodingAutoConfiguration:
      Did not match:
         - not a servlet web application (OnWebApplicationCondition)
      Matched:
         - @ConditionalOnClass found required class 'org.springframework.web.filter.CharacterEncodingFilter' (OnClassCondition)

   MultipartAutoConfiguration:
      Did not match:
         - not a servlet web application (OnWebApplicationCondition)
      Matched:
         - @ConditionalOnClass found required classes 'jakarta.servlet.Servlet', 'org.springframework.web.multipart.support.StandardServletMultipartResolver', 'jakarta.servlet.MultipartConfigElement' (OnClassCondition)

   ServletWebServerFactoryAutoConfiguration:
      Did not match:
         - not a servlet web application (OnWebApplicationCondition)
      Matched:
         - @ConditionalOnClass found required class 'jakarta.servlet.ServletRequest' (OnClassCondition)

   WebMvcAutoConfiguration:
      Did not match:
         - not a servlet web application (OnWebApplicationCondition)
      Matched:
         - @ConditionalOnClass found required classes 'jakarta.servlet.Servlet', 'org.springframework.web.servlet.DispatcherServlet', 'org.springframework.web.servlet.config.annotation.WebMvcConfigurer' (OnClassCondition)

   WebSocketServletAutoConfiguration:
      Did not match:
         - not a servlet web application (OnWebApplicationCondition)
      Matched:
         - @ConditionalOnClass found required classes 'jakarta.servlet.Servlet', 'jakarta.websocket.server.ServerContainer' (OnClassCondition)


Exclusions:
-----------

    None


Unconditional classes:
----------------------

    None



2023-09-06T10:30:24.431+09:00  INFO 5312 --- [SpringApplicationShutdownHook] com.zaxxer.hikari.HikariDataSource       : HikariPool-4 - Starting...
2023-09-06T10:30:24.442+09:00  INFO 5312 --- [SpringApplicationShutdownHook] com.zaxxer.hikari.pool.HikariPool        : HikariPool-4 - Added connection conn30: url=jdbc:h2:tcp://localhost/~/test user=SA
2023-09-06T10:30:24.442+09:00  INFO 5312 --- [SpringApplicationShutdownHook] com.zaxxer.hikari.HikariDataSource       : HikariPool-4 - Start completed.
2023-09-06T10:30:24.660+09:00  WARN 5312 --- [SpringApplicationShutdownHook] o.s.b.f.support.DisposableBeanAdapter    : Invocation of destroy method failed on bean with name 'inMemoryDatabaseShutdownExecutor': org.h2.jdbc.JdbcSQLNonTransientConnectionException: Database is already closed (to disable automatic closing at VM shutdown, add ";DB_CLOSE_ON_EXIT=FALSE" to the db URL) [90121-214]
2023-09-06T10:30:24.660+09:00  INFO 5312 --- [SpringApplicationShutdownHook] com.zaxxer.hikari.HikariDataSource       : HikariPool-4 - Shutdown initiated...
2023-09-06T10:30:24.726+09:00  INFO 5312 --- [SpringApplicationShutdownHook] com.zaxxer.hikari.HikariDataSource       : HikariPool-4 - Shutdown completed.
2023-09-06T10:31:37.928+09:00  INFO 9336 --- [restartedMain] com.rubypaper.Chapter03Application       : Starting Chapter03Application using Java 17.0.2 with PID 9336 (C:\DEV\eclipse-workspace\Chapter03\target\classes started by student in C:\DEV\eclipse-workspace\Chapter03)
2023-09-06T10:31:37.930+09:00 DEBUG 9336 --- [restartedMain] com.rubypaper.Chapter03Application       : Running with Spring Boot v3.1.3, Spring v6.0.11
2023-09-06T10:31:37.931+09:00  INFO 9336 --- [restartedMain] com.rubypaper.Chapter03Application       : No active profile set, falling back to 1 default profile: "default"
2023-09-06T10:31:37.976+09:00  INFO 9336 --- [restartedMain] .e.DevToolsPropertyDefaultsPostProcessor : Devtools property defaults active! Set 'spring.devtools.add-properties' to 'false' to disable
2023-09-06T10:31:37.977+09:00  INFO 9336 --- [restartedMain] .e.DevToolsPropertyDefaultsPostProcessor : For additional web related logging consider setting the 'logging.level.web' property to 'DEBUG'
2023-09-06T10:31:38.699+09:00  INFO 9336 --- [restartedMain] o.s.b.d.a.OptionalLiveReloadServer       : LiveReload server is running on port 35729
2023-09-06T10:31:38.718+09:00  INFO 9336 --- [restartedMain] com.rubypaper.Chapter03Application       : Started Chapter03Application in 1.1 seconds (process running for 1.708)
2023-09-06T10:31:38.720+09:00 TRACE 9336 --- [restartedMain] com.rubypaper.service.LoggingService     : TRACE 레벨 로그
2023-09-06T10:31:38.720+09:00 DEBUG 9336 --- [restartedMain] com.rubypaper.service.LoggingService     : DEBUG 레벨 로그
2023-09-06T10:31:38.720+09:00  INFO 9336 --- [restartedMain] com.rubypaper.service.LoggingService     : INFO 레벨 로그
2023-09-06T10:31:38.720+09:00  WARN 9336 --- [restartedMain] com.rubypaper.service.LoggingService     : WARN 레벨 로그
2023-09-06T10:31:38.721+09:00 ERROR 9336 --- [restartedMain] com.rubypaper.service.LoggingService     : ERROR 레벨 로그
2023-09-06T10:31:38.728+09:00  INFO 9336 --- [SpringApplicationShutdownHook] com.zaxxer.hikari.HikariDataSource       : HikariPool-1 - Starting...
2023-09-06T10:31:38.806+09:00  INFO 9336 --- [SpringApplicationShutdownHook] com.zaxxer.hikari.pool.HikariPool        : HikariPool-1 - Added connection conn0: url=jdbc:h2:tcp://localhost/~/test user=SA
2023-09-06T10:31:38.809+09:00  INFO 9336 --- [SpringApplicationShutdownHook] com.zaxxer.hikari.HikariDataSource       : HikariPool-1 - Start completed.
2023-09-06T10:31:39.036+09:00  WARN 9336 --- [SpringApplicationShutdownHook] o.s.b.f.support.DisposableBeanAdapter    : Invocation of destroy method failed on bean with name 'inMemoryDatabaseShutdownExecutor': org.h2.jdbc.JdbcSQLNonTransientConnectionException: Database is already closed (to disable automatic closing at VM shutdown, add ";DB_CLOSE_ON_EXIT=FALSE" to the db URL) [90121-214]
2023-09-06T10:31:39.037+09:00  INFO 9336 --- [SpringApplicationShutdownHook] com.zaxxer.hikari.HikariDataSource       : HikariPool-1 - Shutdown initiated...
2023-09-06T10:31:39.086+09:00  INFO 9336 --- [SpringApplicationShutdownHook] com.zaxxer.hikari.HikariDataSource       : HikariPool-1 - Shutdown completed.
